0:100  0:100  MemLog inited, TSC freq: 2808398220
0:100  0:000  MemLog was calibrated without ACPI PM Timer: ACPI I/O space is not enabled.
0:100  0:000  
0:100  0:000  Now is 19.12.2018,  23:34:59 (GMT)
0:100  0:000  Starting Clover revision: 3763 on American Megatrends EFI
0:100  0:000  Build with: [Args: --no-lto -D NO_GRUB_DRIVERS_EMBEDDED | -D DISABLE_LTO -D NO_GRUB_DRIVERS_EMBEDDED -D USE_LOW_EBDA -a X64 -b RELEASE -t XCODE5 -n 5 | OS: 10.12 | XCODE: 8.0]
0:100  0:000  SelfDevicePath=PciRoot(0x0)\Pci(0x14,0x0)\USB(0xA,0x0)\HD(1,GPT,B15CB709-2470-461A-BEA2-6A8E4A2B65F7,0x28,0x64000) @6BDBC898
0:100  0:000  SelfDirPath = \EFI\BOOT
0:100  0:000  === [ Get Smbios ] ========================================
0:108  0:008  Total Memory Slots Count = 4
0:108  0:000  Type 17 Index = 0
0:108  0:000  SmbiosTable.Type17->Speed = 2400MHz
0:108  0:000  SmbiosTable.Type17->Size = 8192MB
0:108  0:000  SmbiosTable.Type17->Bank/Device = BANK 0 ChannelA-DIMM0
0:108  0:000  SmbiosTable.Type17->Vendor = 0443
0:108  0:000  SmbiosTable.Type17->SerialNumber = 11B3A117
0:108  0:000  SmbiosTable.Type17->PartNumber = RMSA3260MB78HAF2400 
0:109  0:000  Type 17 Index = 1
0:109  0:000  Ignoring insane frequency value 0MHz
0:109  0:000  SmbiosTable.Type17->Speed = 0MHz
0:109  0:000  SmbiosTable.Type17->Size = 0MB
0:109  0:000  SmbiosTable.Type17->Bank/Device = BANK 1 ChannelA-DIMM1
0:109  0:000  SmbiosTable.Type17->Vendor = <null string>
0:109  0:000  SmbiosTable.Type17->SerialNumber = <null string>
0:109  0:000  SmbiosTable.Type17->PartNumber = <null string>
0:109  0:000  Type 17 Index = 2
0:109  0:000  SmbiosTable.Type17->Speed = 2400MHz
0:109  0:000  SmbiosTable.Type17->Size = 8192MB
0:109  0:000  SmbiosTable.Type17->Bank/Device = BANK 2 ChannelB-DIMM0
0:109  0:000  SmbiosTable.Type17->Vendor = Kingston
0:109  0:000  SmbiosTable.Type17->SerialNumber = 1C1C7387
0:109  0:000  SmbiosTable.Type17->PartNumber = CBD24D4S7S8MA-8     
0:109  0:000  Type 17 Index = 3
0:109  0:000  Ignoring insane frequency value 0MHz
0:109  0:000  SmbiosTable.Type17->Speed = 0MHz
0:109  0:000  SmbiosTable.Type17->Size = 0MB
0:109  0:000  SmbiosTable.Type17->Bank/Device = BANK 3 ChannelB-DIMM1
0:109  0:000  SmbiosTable.Type17->Vendor = <null string>
0:109  0:000  SmbiosTable.Type17->SerialNumber = <null string>
0:109  0:000  SmbiosTable.Type17->PartNumber = <null string>
0:109  0:000  Boot status=0
0:109  0:000  Running on: 'X1 Series GJ5KN6A' with board 'X1 Series GJ5KN6A'
0:109  0:000  === [ GetCPUProperties ] ==================================
0:109  0:000  CPU Vendor = 756E6547 Model=906E9
0:109  0:000  got cores from CPUID_1 = 0
0:109  0:000  The CPU supported turbo
0:109  0:000  BrandString = Intel(R) Core(TM) i7-7700HQ CPU @ 2.80GHz
0:109  0:000   TSC/CCC Information Leaf:
0:109  0:000    numerator     : 234
0:109  0:000    denominator   : 2
0:109  0:000   Calibrated ARTFrequency: 24003403
0:109  0:000  FSBFrequency=100MHz DMIvalue=100000kHz
0:109  0:000  Corrected FSBFrequency=100MHz
0:109  0:000  Vendor/Model/Stepping: 0x756E6547/0x9E/0x9
0:109  0:000  Family/ExtFamily: 0x6/0x0
0:109  0:000  MaxDiv/MinDiv: 27.0/6
0:109  0:000  Turbo: 0/0/0/0
0:109  0:000  Features: 0xBFEBFBFF
0:109  0:000  Threads: 16
0:109  0:000  Cores: 1
0:109  0:000  FSB: 100 MHz
0:109  0:000  CPU: 2700 MHz
0:109  0:000  TSC: 2700 MHz
0:109  0:000  PIS: 400 MHz
0:109  0:000  === [ GetDevices ] ========================================
0:109  0:000  PCI (00|00:00.00) : 8086 5910 class=060000
0:109  0:000  PCI (00|00:01.00) : 8086 1901 class=060400
0:109  0:000  PCI (00|01:00.00) : 10DE 1C20 class=030000
0:109  0:000   - GFX: Model=Unknown family 136 (Nvidia)
0:109  0:000  PCI (00|01:00.01) : FFFF FFFF class=FFFFFF
0:109  0:000  PCI (00|00:02.00) : 8086 591B class=030000
0:109  0:000   - GFX: Model=Intel Unknown (Intel)
0:109  0:000  PCI (00|00:08.00) : 8086 1911 class=088000
0:109  0:000  PCI (00|00:14.00) : 8086 A12F class=0C0330
0:109  0:000  PCI (00|00:14.02) : 8086 A131 class=118000
0:109  0:000  PCI (00|00:16.00) : 8086 A13A class=078000
0:109  0:000  PCI (00|00:17.00) : 8086 A103 class=010601
0:109  0:000  PCI (00|00:1C.00) : 8086 A113 class=060400
0:109  0:000  PCI (00|02:00.00) : 10EC 5287 class=FF0000
0:109  0:000  PCI (00|02:00.01) : 10EC 8168 class=020000
0:109  0:000   - LAN: 0 Vendor=Realtek
0:109  0:000  PCI (00|00:1C.04) : 8086 A114 class=060400
0:109  0:000  PCI (00|03:00.00) : 14E4 43B1 class=028000
0:109  0:000   - WIFI: Vendor=Broadcom
0:109  0:000  PCI (00|00:1D.00) : 8086 A118 class=060400
0:109  0:000  PCI (00|04:00.00) : 144D A804 class=010802
0:109  0:000  PCI (00|00:1F.00) : 8086 A152 class=060100
0:109  0:000  PCI (00|00:1F.02) : 8086 A121 class=058000
0:109  0:000  PCI (00|00:1F.03) : 8086 A171 class=040300
0:109  0:000  PCI (00|00:1F.04) : 8086 A123 class=0C0500
0:109  0:000  === [ GetDefaultSettings ] ================================
0:109  0:000  Clover load options size = 0 bytes
0:119  0:009  , Status=Success
0:119  0:000  EFI\CLOVER\config.plist loaded: Success
0:119  0:000  === [ GetListOfThemes ] ===================================
0:121  0:002  - [00]: embedded
0:121  0:000  - [00]: iclover
0:129  0:007  - [01]: random
0:129  0:000  === [ GetEarlyUserSettings ] ==============================
0:129  0:000  Custom boot CUSTOM_BOOT_DISABLED (0x0)
0:129  0:000  Default theme: iclover
0:129  0:000  === [ LoadDrivers ] =======================================
0:133  0:003  Loading FSInject-64.efi  status=Success
0:144  0:010  Loading OsxAptioFixDrv-64.efi  status=Success
0:150  0:006  Loading OsxFatBinaryDrv-64.efi  status=Success
0:153  0:002  Loading VBoxHfs-64.efi  status=Success
0:156  0:003   - driver needs connecting
0:156  0:000  Loading apfs.efi  status=Success
0:198  0:042   - driver needs connecting
0:198  0:000  Loading AppleImageCodec-64.efi  status=Success
0:201  0:002  Loading AppleKeyAggregator-64.efi  status=Success
0:204  0:002  Loading AppleUITheme-64.efi  status=Success
0:207  0:003  Loading CsmVideoDxe-64.efi  status=Success
0:214  0:006   - driver needs connecting
0:214  0:000  Loading DataHubDxe-64.efi  status=Success
0:218  0:004  Loading EmuVariableUefi-64.efi  status=Success
0:221  0:003  EmuVariableUefi Initialize: VariableCommonInitialize = Success, orig services stored, install gEmuVariableControlProtocolGuid = Success
0:221  0:000  Loading Fat-64.efi  status=Success
0:228  0:006   - driver needs connecting
0:228  0:000  Loading FirmwareVolume-64.efi  status=Success
0:231  0:002  Loading HFSPlus.efi  status=Success
0:234  0:003   - driver needs connecting
0:234  0:000  Loading NTFS.efi  status=Success
0:246  0:011   - driver needs connecting
0:246  0:000  Loading PartitionDxe-64.efi  status=Success
0:253  0:006   - driver needs connecting
0:253  0:000  Loading SMCHelper-64.efi  status=Success
0:256  0:002  Loading APFS-64.efi  status=Success
0:300  0:044   - driver needs connecting
0:300  0:000  8 drivers needs connecting ...
0:300  0:000  PlatformDriverOverrideProtocol not found. Installing ... Success
0:300  0:000  Partition driver loaded: 
0:300  0:000  HFS+ driver loaded
0:300  0:000  Video driver loaded: disconnect Successdisconnect Success
0:670  0:370  Searching for invalid DiskIo BY_DRIVER connects: not found, all ok
4:361  3:690  EmuVariable InstallEmulation: orig vars copied, emu.var.services installed, CreateEvent VirtualAddressChange = Success, CreateEvent ExitBootServices = Success, set Status=Success
4:462  0:100  === [ InitScreen ] ========================================
4:462  0:000  Console modes reported: 4, available modes:
4:462  0:000   - [01]: 80x25
4:462  0:000   - [02]: 80x50
4:462  0:000   - [03]: 100x31 (current mode)
4:462  0:000   - [04]: 240x56
4:462  0:000  SetScreenResolution: 1920x1080 - already set
4:462  0:000  reinit: self device path=PciRoot(0x0)\Pci(0x14,0x0)\USB(0xA,0x0)\HD(1,GPT,B15CB709-2470-461A-BEA2-6A8E4A2B65F7,0x28,0x64000)
4:462  0:000  === [ GetMacAddress ] =====================================
4:462  0:000  MAC address of LAN #0= B0:25:AA:24:8F:B8:
4:462  0:000  === [ ScanSPD ] ===========================================
4:462  0:000  SMBus device : 8086 A123 class=0C0500 status=Success
4:462  0:000  SMBus CmdReg: 0x3
4:462  0:000  Scanning SMBus [8086:A123], mmio: 0xDF72A004, ioport: 0xF040, hostc: 0x11
4:462  0:000  Slots to scan [8]...
4:463  0:000  SPD[0]: Type 12 @0x50
4:481  0:017  Not using XMP because it is not present
4:481  0:000  DDR speed 2400MHz
4:481  0:000  Slot: 0 Type 26 8192MB 2400MHz Vendor=Ramaxel Technology PartNo=RMSA3260MB78HAF2400 SerialNo=01010B030A010107
4:481  0:000  SPD[2]: Type 12 @0x52
4:499  0:017  Not using XMP because it is not present
4:499  0:000  DDR speed 2400MHz
4:499  0:000  Slot: 2 Type 26 8192MB 2400MHz Vendor=Kingston PartNo=CBD24D4S7S8MA-8 SerialNo=010C010C07030807
4:500  0:000  === [ GetAcpiTablesList ] =================================
4:516  0:016  Get Acpi Tables List from RSDT:
4:516  0:000   - [00]: FACP  TONGFANG len=132
4:516  0:000   - [01]: APIC  TONGFANG len=188
4:516  0:000   - [02]: FPDT  TONGFANG len=68
4:516  0:000   - [03]: FIDT  TONGFANG len=156
4:516  0:000   - [04]: MCFG  TONGFANG len=60
4:516  0:000   - [05]: SSDT  SataTabl len=857
4:516  0:000   - [06]: MSDM  TONGFANG len=85
4:516  0:000   - [07]: SLIC  TONGFANG len=374
4:516  0:000   - [08]: SSDT  SaSsdt  len=12662
4:516  0:000   - [09]: SSDT  PegSsdt len=10551
4:516  0:000   - [10]: HPET  KBL len=56
4:516  0:000   - [11]: SSDT  xh_rvp11 len=2282
4:516  0:000   - [12]: UEFI  TONGFANG len=66
4:516  0:000   - [13]: SSDT  CpuSsdt len=3806
4:516  0:000   - [14]: LPIT  KBL len=148
4:516  0:000   - [15]: SSDT  HdaDsp len=321
4:516  0:000   - [16]: SSDT  sensrhub len=671
4:516  0:000   - [17]: SSDT  TbtTypeC len=1303
4:516  0:000   - [18]: DBGP   len=52
4:516  0:000   - [19]: DBG2   len=97
4:516  0:000   - [20]: SSDT  SgPeg len=174
4:516  0:000   - [21]: DMAR  KBL  len=168
4:516  0:000   - [22]: TPM2  TONGFANG len=52
4:516  0:000   - [23]: BGRT  TONGFANG len=56
4:516  0:000   - [24]: SSDT  OptTabl len=7643
4:516  0:000   - [25]: WSMT  TONGFANG len=40
4:516  0:000  Calibrated TSC frequency =2808398220 =2808MHz
4:516  0:000  === [ GetUserSettings ] ===================================
4:516  0:000  Using smbios.plist at path: EFI\CLOVER\smbios.plist, Status=Not Found
4:516  0:000  === [ ScanVolumes ] =======================================
4:516  0:000  Found 18 volumes with blockIO
4:516  0:000  - [00]: Volume: PciRoot(0x0)\Pci(0x14,0x0)\USB(0x11,0x0)
4:517  0:000          Result of bootcode detection: bootable unknown (legacy)
4:517  0:000          USB volume
4:517  0:000  - [01]: Volume: PciRoot(0x0)\Pci(0x14,0x0)\USB(0x11,0x0)\HD(1,MBR,0x0D3593CB,0x800,0x57545000)
4:517  0:000          Result of bootcode detection: bootable Windows (vista,win)
4:517  0:000          USB volume
4:517  0:000  - [02]: Volume: PciRoot(0x0)\Pci(0x14,0x0)\USB(0xA,0x0)
4:518  0:000          Result of bootcode detection: bootable unknown (legacy)
4:518  0:000          USB volume
4:518  0:000  - [03]: Volume: PciRoot(0x0)\Pci(0x14,0x0)\USB(0xA,0x0)\HD(1,GPT,B15CB709-2470-461A-BEA2-6A8E4A2B65F7,0x28,0x64000)
4:518  0:000          Result of bootcode detection: bootable Clover (clover)
4:518  0:000          USB volume
4:518  0:000          This is SelfVolume !!
4:518  0:000  - [04]: Volume: PciRoot(0x0)\Pci(0x14,0x0)\USB(0xA,0x0)\HD(2,GPT,5D28C016-A2AD-4C89-B020-A21B72FDD9C8,0x64028,0xCB5F58)
4:519  0:000          USB volume
4:519  0:000  - [05]: Volume: PciRoot(0x0)\Pci(0x17,0x0)\Sata(0x1,0xFFFF,0x0)
4:520  0:000          Result of bootcode detection: bootable unknown (legacy)
4:520  0:000  - [06]: Volume: PciRoot(0x0)\Pci(0x17,0x0)\Sata(0x2,0xFFFF,0x0)
4:520  0:000  - [07]: Volume: PciRoot(0x0)\Pci(0x17,0x0)\Sata(0x1,0xFFFF,0x0)\HD(1,GPT,96403ED3-ACE0-4215-A7D6-5AA68FB42C89,0x22,0x40000)
4:521  0:000  - [08]: Volume: PciRoot(0x0)\Pci(0x17,0x0)\Sata(0x1,0xFFFF,0x0)\HD(2,GPT,67378B8A-9699-400F-BC58-423CFA5ADCF7,0x40800,0xE8DC8000)
4:521  0:000          Result of bootcode detection: bootable Windows (vista,win)
4:521  0:000  - [09]: Volume: PciRoot(0x0)\Pci(0x17,0x0)\Sata(0x2,0xFFFF,0x0)\HD(1,GPT,6318CFED-8FC4-4D6E-BBB4-7379D410A7BC,0x28,0x64000)
4:522  0:000          Result of bootcode detection: bootable unknown (legacy)
4:523  0:001  - [10]: Volume: PciRoot(0x0)\Pci(0x17,0x0)\Sata(0x2,0xFFFF,0x0)\HD(2,GPT,49D2DA16-0E1A-4CF7-B4E8-427FDEC368CE,0x64028,0xECE2340)
4:524  0:000  - [11]: Volume: PciRoot(0x0)\Pci(0x17,0x0)\Sata(0x2,0xFFFF,0x0)\HD(3,GPT,C263F365-3989-4CE9-A70A-53545BD7DB43,0xED46368,0x135F20)
4:524  0:000  - [12]: Volume: PciRoot(0x0)\Pci(0x1D,0x0)\Pci(0x0,0x0)\NVMe(0x1,0B-F8-B1-71-5A-38-25-00)
4:525  0:000  - [13]: Volume: PciRoot(0x0)\Pci(0x1D,0x0)\Pci(0x0,0x0)\NVMe(0x1,0B-F8-B1-71-5A-38-25-00)\HD(1,GPT,9815F639-6BE0-4316-A517-5E19E23BEE8C,0x800,0xF9800)
4:525  0:000          Result of bootcode detection: bootable Windows (vista,win)
4:525  0:000  - [14]: Volume: PciRoot(0x0)\Pci(0x1D,0x0)\Pci(0x0,0x0)\NVMe(0x1,0B-F8-B1-71-5A-38-25-00)\HD(2,GPT,D30CBBF0-4292-4855-A6E4-D092E0426CD9,0xFA000,0x32000)
4:525  0:000          Result of bootcode detection: bootable Windows (vista,win)
4:525  0:000  - [15]: Volume: PciRoot(0x0)\Pci(0x1D,0x0)\Pci(0x0,0x0)\NVMe(0x1,0B-F8-B1-71-5A-38-25-00)\HD(3,GPT,23112A4D-13F4-4D05-A333-BC0B43F9CAB4,0x12C000,0x8000)
4:525  0:000  - [16]: Volume: PciRoot(0x0)\Pci(0x1D,0x0)\Pci(0x0,0x0)\NVMe(0x1,0B-F8-B1-71-5A-38-25-00)\HD(4,GPT,ACDAB10C-7C88-4968-AA81-A2B192939FC6,0x134000,0x1A02F487)
4:526  0:000          Result of bootcode detection: bootable Windows (vista,win)
4:526  0:000  - [17]: Volume: PciRoot(0x0)\Pci(0x1D,0x0)\Pci(0x0,0x0)\NVMe(0x1,0B-F8-B1-71-5A-38-25-00)\HD(5,GPT,CD20B54D-680C-45BF-B241-9E26477F5E18,0x1A163800,0x1CD800)
4:526  0:000          Result of bootcode detection: bootable Windows (vista,win)
4:593  0:067  Loading nvram.plist from Vol 'EFI' - loaded, size=2546
4:596  0:003  === [ PutNvramPlistToRtVars ] =============================
4:596  0:000   Adding Key: EFILoginHiDPI: Size = 4, Data: 00 00 00 00 
4:596  0:000   Skipping EmuVariableUefiPresent
4:596  0:000   Adding Key: LocationServicesEnabled: Size = 1, Data: 01 
4:596  0:000   Adding Key: backlight-level: Size = 2, Data: FF FF 
4:596  0:000   Adding Key: bluetoothActiveControllerInfo: Size = 16, Data: 7A E0 89 04 00 00 00 00 60 14 48 E2 44 E2 68 1A 
4:596  0:000   Adding Key: bootercfg: Size = 2, Data: 28 00 
4:596  0:000   Adding Key: csr-active-config: Size = 4, Data: 67 00 00 00 
4:596  0:000   Adding Key: efi-boot-device: Size = 216, Data: 3C 61 72 72 61 79 3E 3C 64 69 63 74 3E 3C 6B 65 79 3E 49 4F 4D 61 74 63 68 3C 2F 6B 65 79 3E 3C 64 69 63 74 3E 3C 6B 65 79 3E 49 4F 50 72 6F 76 69 64 65 72 43 6C 61 73 73 3C 2F 6B 65 79 3E 3C 73 74 72 69 6E 67 3E 49 4F 4D 65 64 69 61 3C 2F 73 74 72 69 6E 67 3E 3C 6B 65 79 3E 49 4F 50 72 6F 70 65 72 74 79 4D 61 74 63 68 3C 2F 6B 65 79 3E 3C 64 69 63 74 3E 3C 6B 65 79 3E 55 55 49 44 3C 2F 6B 65 79 3E 3C 73 74 72 69 6E 67 3E 34 39 44 32 44 41 31 36 2D 30 45 31 41 2D 34 43 46 37 2D 42 34 45 38 2D 34 32 37 46 44 45 43 33 36 38 43 45 3C 2F 73 74 72 69 6E 67 3E 3C 2F 64 69 63 74 3E 3C 2F 64 69 63 74 3E 3C 2F 64 69 63 74 3E 3C 2F 61 72 72 61 79 3E 
4:596  0:000   Adding Key: efi-boot-device-data: Size = 74, Data: 02 01 0C 00 D0 41 03 0A 00 00 00 00 01 01 06 00 00 17 03 12 0A 00 02 00 FF FF 00 00 04 01 2A 00 02 00 00 00 28 40 06 00 00 00 00 00 40 23 CE 0E 00 00 00 00 16 DA D2 49 1A 0E F7 4C B4 E8 42 7F DE C3 68 CE 02 02 7F FF 04 00 
4:596  0:000   Adding Key: fakesmc-key-#KEY-ui32: Size = 4, Data: 00 00 00 11 
4:596  0:000   Adding Key: fakesmc-key-$Adr-ui32: Size = 4, Data: 00 00 03 00 
4:596  0:000   Adding Key: fakesmc-key-$Num-ui8: Size = 1, Data: 01 
4:596  0:000   Adding Key: fakesmc-key-BATP-flag: Size = 1, Data: 00 
4:596  0:000   Adding Key: fakesmc-key-BBIN-ui8: Size = 1, Data: 01 
4:596  0:000   Adding Key: fakesmc-key-BEMB-flag: Size = 1, Data: 00 
4:596  0:000   Adding Key: fakesmc-key-BNum-ui8: Size = 1, Data: 00 
4:596  0:000   Adding Key: fakesmc-key-EPCI-ui32: Size = 4, Data: 07 A0 07 00 
4:596  0:000   Adding Key: fakesmc-key-MSAc-ui16: Size = 2, Data: 00 00 
4:596  0:000   Adding Key: fakesmc-key-MSFW-ui8: Size = 2, Data: 01 00 
4:596  0:000   Adding Key: fakesmc-key-MSPS-ui16: Size = 2, Data: 00 03 
4:596  0:000   Adding Key: fakesmc-key-MSTc-ui8: Size = 1, Data: 00 
4:596  0:000   Adding Key: fakesmc-key-MSWr-ui8: Size = 1, Data: 00 
4:596  0:000   Adding Key: fakesmc-key-RBr -ch8*: Size = 8, Data: 6A 31 36 6A 31 37 00 00 
4:596  0:000   Adding Key: fakesmc-key-REV -ch8*: Size = 6, Data: 02 15 0F 00 00 07 
4:596  0:000   Adding Key: fakesmc-key-RMde-char: Size = 1, Data: 41 
4:596  0:000   Adding Key: fakesmc-key-RPlt-ch8*: Size = 8, Data: 6A 31 37 00 00 00 00 00 
4:596  0:000   Adding Key: flagstate: Size = 32, Data: 00 00 00 00 00 00 00 00 00 00 00 00 00 00 00 00 00 00 00 00 00 00 00 00 00 00 00 00 00 00 00 00 
4:596  0:000   Adding Key: fmm-computer-name: Size = 20, Data: 64 65 72 70 E2 80 99 73 20 4D 61 63 42 6F 6F 6B 20 41 69 72 
4:596  0:000   Adding Key: nvda_drv: Size = 2, Data: 31 00 
4:596  0:000   Adding Key: prev-lang:kbd: Size = 4, Data: 65 6E 3A 30 
4:596  0:000   Adding Key: security-mode: String: Size = 4, Val = 'none'
4:596  0:000   Adding Key: specialbootdevice: Size = 74, Data: 02 01 0C 00 D0 41 03 0A 00 00 00 00 01 01 06 00 00 17 03 12 0A 00 02 00 FF FF 00 00 04 01 2A 00 02 00 00 00 28 40 06 00 00 00 00 00 40 23 CE 0E 00 00 00 00 16 DA D2 49 1A 0E F7 4C B4 E8 42 7F DE C3 68 CE 02 02 7F FF 04 00 
4:596  0:000  === [ InitTheme ] =========================================
4:600  0:003  Using theme 'iclover' (EFI\CLOVER\themes\iclover)
4:600  0:000  Warning! Character width 9 should be even!
4:601  0:000  Choosing theme iclover
4:601  0:000  after NVRAM boot-args=-v kext-dev-mode=1 rootless=0
4:601  0:000  === [ ScanLoader ] ========================================
4:601  0:000  - [01]: '750GB HDD 2.5"'
4:638  0:037  - [03]: 'EFI'
4:666  0:027  - [04]: 'Install macOS Sierra'
4:668  0:002          AddLoaderEntry for Volume Name=Install macOS Sierra
4:670  0:001          Check if volume Is Hibernated:
4:670  0:000      Check sleep image 'by signature':
4:674  0:003      read prefs \Library\Preferences\SystemConfiguration\com.apple.PowerManagement.plist status=Not Found
4:674  0:000      using default sleep image name = \private\var\vm\sleepimage
4:678  0:003      sleepimage not found -> Not Found
4:678  0:000          hibernated: no - sign
4:686  0:008  - [08]: '2TB Laptop Internal'
4:787  0:100  - [09]: 'EFI'
4:806  0:018  - [10]: 'macOS'
4:810  0:004          AddLoaderEntry for Volume Name=macOS
4:813  0:002          Check if volume Is Hibernated:
4:813  0:000      Check sleep image 'by signature':
4:819  0:006      read prefs \Library\Preferences\SystemConfiguration\com.apple.PowerManagement.plist status=Not Found
4:819  0:000      using default sleep image name = \private\var\vm\sleepimage
4:825  0:006      Reading first 512 bytes of sleepimage ...
4:826  0:000   OurBlockIoRead: Lba=2524290, Offset=4A4852000 (BlockSize=512)
4:826  0:000   sig lion: 0
4:826  0:000   sig snow: 0
4:826  0:000   no valid sleep image offset was found
4:826  0:000      Reading completed -> Success
4:826  0:000       sleepimage offset could not be acquired
4:826  0:000          hibernated: no - sign
4:834  0:008  - [11]: 'Recovery HD'
4:835  0:000          AddLoaderEntry for Volume Name=Recovery HD
4:841  0:005  - [13]: 'Recovery'
4:847  0:006  - [14]: 'EFI'
4:849  0:001          AddLoaderEntry for Volume Name=EFI
4:854  0:005  - [16]: ''
4:860  0:006  - [17]: ''
4:866  0:006  === [ AddCustomLegacy ] ===================================
4:866  0:000  Scanning legacy ...
4:866  0:000   0: 'Whole Disc Boot' (legacy) not legacy
4:866  0:000   1: '750GB HDD 2.5"' (vista,win) add legacy
4:867  0:000   added 'Boot Windows from 750GB HDD 2.5"' OSType=2 Icon=vista,win
4:867  0:000   2: 'Whole Disc Boot' (legacy) not legacy
4:867  0:000   3: 'EFI' (clover) add legacy
4:867  0:000   added 'Boot Clover from EFI' OSType=3 Icon=clover
4:867  0:000   4: 'Install macOS Sierra' (legacy) not legacy
4:867  0:000   5: 'Whole Disc Boot' (legacy) not legacy
4:867  0:000   6: 'Whole Disc Boot' (legacy) not legacy
4:867  0:000   7: 'Legacy HD1' (legacy) not legacy
4:867  0:000   8: '2TB Laptop Internal' (vista,win) add legacy
4:867  0:000   added 'Boot Windows from 2TB Laptop Internal' OSType=2 Icon=vista,win
4:867  0:000   9: 'EFI' (legacy) not legacy
4:867  0:000  10: 'macOS' (legacy) not legacy
4:867  0:000  11: 'Recovery HD' (legacy) not legacy
4:867  0:000  12: 'Whole Disc Boot' (legacy) not legacy
4:867  0:000  13: 'Recovery' (vista,win) add legacy
4:868  0:000   added 'Boot Windows from Recovery' OSType=2 Icon=vista,win
4:868  0:000  14: 'EFI' (vista,win) add legacy
4:868  0:000   added 'Boot Windows from EFI' OSType=2 Icon=vista,win
4:868  0:000  15: 'Legacy HD3' (legacy) not legacy
4:868  0:000  16: '' (vista,win) add legacy
4:868  0:000   added 'Boot Windows from ' OSType=2 Icon=vista,win
4:868  0:000  17: '' (vista,win) add legacy
4:869  0:000   added 'Boot Windows from ' OSType=2 Icon=vista,win
4:869  0:000  === [ AddCustomTool ] =====================================
4:873  0:003  found tool \EFI\CLOVER\tools\Shell64U.efi
4:873  0:000  Checking EFI partition Volume 3 for Clover
4:873  0:000   Found Clover
4:873  0:000  EmuVariable UninstallEmulation: CloseEvent = Success, original var services restored
4:873  0:000  === [ FindDefaultEntry ] ==================================
4:873  0:000  EmuVariable InstallEmulation: orig vars copied, emu.var.services installed, CreateEvent VirtualAddressChange = Success, CreateEvent ExitBootServices = Success, set Status=Success
4:974  0:100  === [ GetEfiBootDeviceFromNvram ] =========================
4:974  0:000   - efi-boot-device-data: PciRoot(0x0)\Pci(0x17,0x0)\Sata(0x2,0xFFFF,0x0)\HD(2,GPT,49D2DA16-0E1A-4CF7-B4E8-427FDEC368CE,0x64028,0xECE2340)
4:974  0:000    - Volume: 'PciRoot(0x0)\Pci(0x17,0x0)\Sata(0x2,0xFFFF,0x0)\HD(2,GPT,49D2DA16-0E1A-4CF7-B4E8-427FDEC368CE,0x64028,0xECE2340)'
4:974  0:000    - LoaderPath: '<null string>'
4:974  0:000    - Guid = 49D2DA16-0E1A-4CF7-B4E8-427FDEC368CE
4:974  0:000  === [ FindStartupDiskVolume ] =============================
4:974  0:000    - Volume: partition = PciRoot(0x0)\Pci(0x17,0x0)\Sata(0x2,0xFFFF,0x0)\HD(2,GPT,49D2DA16-0E1A-4CF7-B4E8-427FDEC368CE,0x64028,0xECE2340)
4:974  0:000     - searching for that partition
4:974  0:000      - found entry 1. 'Boot Mac OS X from macOS', Volume 'macOS'
4:974  0:000  Boot redirected to Entry 1. 'Boot Mac OS X from macOS'
4:974  0:000  EmuVariable UninstallEmulation: CloseEvent = Success, original var services restored
4:974  0:000  DefaultIndex=1 and MainMenu.EntryCount=17
4:974  0:000  Use anime=iClover_logo frames=4
5:066  0:091  Found Mouse device:
5:066  0:000  GUI ready
23:029  17:962  EDITED: 10.12.2
44:554  21:524  EDITED: -v -x -s nv_disable=1
136:259  91:704  EDITED: MacBookPro14,3
137:950  1:691  ReinitSelfLib after theme change
137:950  0:000  reinit: self device path=PciRoot(0x0)\Pci(0x14,0x0)\USB(0xA,0x0)\HD(1,GPT,B15CB709-2470-461A-BEA2-6A8E4A2B65F7,0x28,0x64000)
137:950  0:000  === [ ScanVolumes ] =======================================
137:950  0:000  Found 18 volumes with blockIO
137:950  0:000  - [00]: Volume: PciRoot(0x0)\Pci(0x14,0x0)\USB(0x11,0x0)
137:950  0:000          Result of bootcode detection: bootable unknown (legacy)
137:950  0:000          USB volume
137:950  0:000  - [01]: Volume: PciRoot(0x0)\Pci(0x14,0x0)\USB(0x11,0x0)\HD(1,MBR,0x0D3593CB,0x800,0x57545000)
137:951  0:000          Result of bootcode detection: bootable Windows (vista,win)
137:951  0:000          USB volume
137:951  0:000  - [02]: Volume: PciRoot(0x0)\Pci(0x14,0x0)\USB(0xA,0x0)
137:951  0:000          Result of bootcode detection: bootable unknown (legacy)
137:951  0:000          USB volume
137:951  0:000  - [03]: Volume: PciRoot(0x0)\Pci(0x14,0x0)\USB(0xA,0x0)\HD(1,GPT,B15CB709-2470-461A-BEA2-6A8E4A2B65F7,0x28,0x64000)
137:952  0:000          Result of bootcode detection: bootable Clover (clover)
137:952  0:000          USB volume
137:956  0:003          This is SelfVolume !!
137:956  0:000  - [04]: Volume: PciRoot(0x0)\Pci(0x14,0x0)\USB(0xA,0x0)\HD(2,GPT,5D28C016-A2AD-4C89-B020-A21B72FDD9C8,0x64028,0xCB5F58)
137:956  0:000          USB volume
137:956  0:000  - [05]: Volume: PciRoot(0x0)\Pci(0x17,0x0)\Sata(0x1,0xFFFF,0x0)
137:958  0:001          Result of bootcode detection: bootable unknown (legacy)
137:958  0:000  - [06]: Volume: PciRoot(0x0)\Pci(0x17,0x0)\Sata(0x2,0xFFFF,0x0)
137:959  0:000  - [07]: Volume: PciRoot(0x0)\Pci(0x17,0x0)\Sata(0x1,0xFFFF,0x0)\HD(1,GPT,96403ED3-ACE0-4215-A7D6-5AA68FB42C89,0x22,0x40000)
137:961  0:002  - [08]: Volume: PciRoot(0x0)\Pci(0x17,0x0)\Sata(0x1,0xFFFF,0x0)\HD(2,GPT,67378B8A-9699-400F-BC58-423CFA5ADCF7,0x40800,0xE8DC8000)
137:964  0:003          Result of bootcode detection: bootable Windows (vista,win)
137:964  0:000  - [09]: Volume: PciRoot(0x0)\Pci(0x17,0x0)\Sata(0x2,0xFFFF,0x0)\HD(1,GPT,6318CFED-8FC4-4D6E-BBB4-7379D410A7BC,0x28,0x64000)
137:964  0:000          Result of bootcode detection: bootable unknown (legacy)
137:966  0:001  - [10]: Volume: PciRoot(0x0)\Pci(0x17,0x0)\Sata(0x2,0xFFFF,0x0)\HD(2,GPT,49D2DA16-0E1A-4CF7-B4E8-427FDEC368CE,0x64028,0xECE2340)
137:966  0:000  - [11]: Volume: PciRoot(0x0)\Pci(0x17,0x0)\Sata(0x2,0xFFFF,0x0)\HD(3,GPT,C263F365-3989-4CE9-A70A-53545BD7DB43,0xED46368,0x135F20)
137:967  0:000  - [12]: Volume: PciRoot(0x0)\Pci(0x1D,0x0)\Pci(0x0,0x0)\NVMe(0x1,0B-F8-B1-71-5A-38-25-00)
137:967  0:000  - [13]: Volume: PciRoot(0x0)\Pci(0x1D,0x0)\Pci(0x0,0x0)\NVMe(0x1,0B-F8-B1-71-5A-38-25-00)\HD(1,GPT,9815F639-6BE0-4316-A517-5E19E23BEE8C,0x800,0xF9800)
137:967  0:000          Result of bootcode detection: bootable Windows (vista,win)
137:967  0:000  - [14]: Volume: PciRoot(0x0)\Pci(0x1D,0x0)\Pci(0x0,0x0)\NVMe(0x1,0B-F8-B1-71-5A-38-25-00)\HD(2,GPT,D30CBBF0-4292-4855-A6E4-D092E0426CD9,0xFA000,0x32000)
137:967  0:000          Result of bootcode detection: bootable Windows (vista,win)
137:968  0:000  - [15]: Volume: PciRoot(0x0)\Pci(0x1D,0x0)\Pci(0x0,0x0)\NVMe(0x1,0B-F8-B1-71-5A-38-25-00)\HD(3,GPT,23112A4D-13F4-4D05-A333-BC0B43F9CAB4,0x12C000,0x8000)
137:968  0:000  - [16]: Volume: PciRoot(0x0)\Pci(0x1D,0x0)\Pci(0x0,0x0)\NVMe(0x1,0B-F8-B1-71-5A-38-25-00)\HD(4,GPT,ACDAB10C-7C88-4968-AA81-A2B192939FC6,0x134000,0x1A02F487)
137:968  0:000          Result of bootcode detection: bootable Windows (vista,win)
137:968  0:000  - [17]: Volume: PciRoot(0x0)\Pci(0x1D,0x0)\Pci(0x0,0x0)\NVMe(0x1,0B-F8-B1-71-5A-38-25-00)\HD(5,GPT,CD20B54D-680C-45BF-B241-9E26477F5E18,0x1A163800,0x1CD800)
137:968  0:000          Result of bootcode detection: bootable Windows (vista,win)
137:968  0:000  Choosing theme iclover
137:969  0:000  after NVRAM boot-args=-v -x -s nv_disable=1 
137:969  0:000  === [ ScanLoader ] ========================================
137:969  0:000  - [01]: '750GB HDD 2.5"'
137:981  0:012  - [03]: 'EFI'
137:997  0:015  - [04]: 'Install macOS Sierra'
137:997  0:000          AddLoaderEntry for Volume Name=Install macOS Sierra
137:997  0:000          Check if volume Is Hibernated:
137:997  0:000      Check sleep image 'by signature':
138:000  0:002      read prefs \Library\Preferences\SystemConfiguration\com.apple.PowerManagement.plist status=Not Found
138:000  0:000      using default sleep image name = \private\var\vm\sleepimage
138:004  0:003      sleepimage not found -> Not Found
138:004  0:000          hibernated: no - sign
138:012  0:007  - [08]: '2TB Laptop Internal'
138:099  0:087  - [09]: 'EFI'
138:117  0:018  - [10]: 'macOS'
138:118  0:001          AddLoaderEntry for Volume Name=macOS
138:121  0:002          Check if volume Is Hibernated:
138:121  0:000      Check sleep image 'by signature':
138:127  0:006      read prefs \Library\Preferences\SystemConfiguration\com.apple.PowerManagement.plist status=Not Found
138:127  0:000      using default sleep image name = \private\var\vm\sleepimage
138:133  0:006      Reading first 512 bytes of sleepimage ...
138:134  0:000   OurBlockIoRead: Lba=2524290, Offset=4A4852000 (BlockSize=512)
138:134  0:000   sig lion: 0
138:134  0:000   sig snow: 0
138:134  0:000   no valid sleep image offset was found
138:134  0:000      Reading completed -> Success
138:134  0:000       sleepimage offset could not be acquired
138:134  0:000          hibernated: no - sign
138:138  0:004  - [11]: 'Recovery HD'
138:138  0:000          AddLoaderEntry for Volume Name=Recovery HD
138:142  0:004  - [13]: 'Recovery'
138:149  0:006  - [14]: 'EFI'
138:149  0:000          AddLoaderEntry for Volume Name=EFI
138:154  0:004  - [16]: ''
138:160  0:006  - [17]: ''
138:166  0:006  === [ AddCustomLegacy ] ===================================
138:166  0:000  Scanning legacy ...
138:166  0:000   0: 'Whole Disc Boot' (legacy) not legacy
138:166  0:000   1: '750GB HDD 2.5"' (vista,win) add legacy
138:166  0:000   added 'Boot Windows from 750GB HDD 2.5"' OSType=2 Icon=vista,win
138:166  0:000   2: 'Whole Disc Boot' (legacy) not legacy
138:166  0:000   3: 'EFI' (clover) add legacy
138:167  0:000   added 'Boot Clover from EFI' OSType=3 Icon=clover
138:167  0:000   4: 'Install macOS Sierra' (legacy) not legacy
138:167  0:000   5: 'Whole Disc Boot' (legacy) not legacy
138:167  0:000   6: 'Whole Disc Boot' (legacy) not legacy
138:167  0:000   7: 'Legacy HD1' (legacy) not legacy
138:167  0:000   8: '2TB Laptop Internal' (vista,win) add legacy
138:167  0:000   added 'Boot Windows from 2TB Laptop Internal' OSType=2 Icon=vista,win
138:167  0:000   9: 'EFI' (legacy) not legacy
138:167  0:000  10: 'macOS' (legacy) not legacy
138:167  0:000  11: 'Recovery HD' (legacy) not legacy
138:167  0:000  12: 'Whole Disc Boot' (legacy) not legacy
138:167  0:000  13: 'Recovery' (vista,win) add legacy
138:168  0:000   added 'Boot Windows from Recovery' OSType=2 Icon=vista,win
138:168  0:000  14: 'EFI' (vista,win) add legacy
138:168  0:000   added 'Boot Windows from EFI' OSType=2 Icon=vista,win
138:168  0:000  15: 'Legacy HD3' (legacy) not legacy
138:168  0:000  16: '' (vista,win) add legacy
138:168  0:000   added 'Boot Windows from ' OSType=2 Icon=vista,win
138:168  0:000  17: '' (vista,win) add legacy
138:168  0:000   added 'Boot Windows from ' OSType=2 Icon=vista,win
138:168  0:000  === [ AddCustomTool ] =====================================
138:168  0:000  found tool \EFI\CLOVER\tools\Shell64U.efi
138:168  0:000  Checking EFI partition Volume 3 for Clover
138:168  0:000   Found Clover
138:168  0:000  EmuVariable UninstallEmulation: CloseEvent = Invalid Parameter, original var services restored
138:168  0:000  === [ FindDefaultEntry ] ==================================
138:168  0:000  EmuVariable InstallEmulation: orig vars copied, emu.var.services installed, CreateEvent VirtualAddressChange = Success, CreateEvent ExitBootServices = Success, set Status=Success
138:270  0:101  === [ GetEfiBootDeviceFromNvram ] =========================
138:270  0:000  === [ FindStartupDiskVolume ] =============================
138:270  0:000    - Volume: partition = PciRoot(0x0)\Pci(0x17,0x0)\Sata(0x2,0xFFFF,0x0)\HD(2,GPT,49D2DA16-0E1A-4CF7-B4E8-427FDEC368CE,0x64028,0xECE2340)
138:270  0:000     - searching for that partition
138:270  0:000      - found entry 1. 'Boot Mac OS X from macOS', Volume 'macOS'
138:270  0:000  Boot redirected to Entry 1. 'Boot Mac OS X from macOS'
138:270  0:000  EmuVariable UninstallEmulation: CloseEvent = Success, original var services restored
138:270  0:000  DefaultIndex=1 and MainMenu.EntryCount=17
138:270  0:000  Use anime=iClover_logo frames=4
143:191  4:920  BootOption of the entry is empty
143:191  0:000  === [ StartLoader ] =======================================
143:191  0:000  Finally: Bus=104014kHz CPU=2808MHz
143:191  0:000  Loading boot.efi  status=Success
143:344  0:153  GetOSVersion: 10.12 (16A323)
143:344  0:000  CSR_CFG: CSR_ALLOW_UNTRUSTED_KEXTS | CSR_ALLOW_UNRESTRICTED_FS | CSR_ALLOW_TASK_FOR_PID | CSR_ALLOW_UNRESTRICTED_DTRACE | CSR_ALLOW_UNRESTRICTED_NVRAM
143:344  0:000  EmuVariable InstallEmulation: orig vars copied, emu.var.services installed, CreateEvent VirtualAddressChange = Success, CreateEvent ExitBootServices = Success, set Status=Success
143:445  0:101  === [ PatchSmbios ] =======================================
143:445  0:000  insert table 9 for dev 0:0
143:445  0:000  insert table 9 for dev 0:1
143:445  0:000  insert table 9 for dev 0:0
143:447  0:001  Trusting SMBIOS...
143:447  0:000  Channels: 2
143:447  0:000  Interleave: 0 2 1 3 4 6 5 7 8 10 9 11 12 14 13 15 16 18 17 19 20 22 21 23
143:447  0:000   partNum=RMSA3260MB78HAF2400 
143:447  0:000  SMBIOS Type 17 Index = 0 => 0 0:
143:447  0:000  BANK0 DIMM0 2400MHz 8192MB
143:447  0:000   partNum=CBD24D4S7S8MA-8     
143:447  0:000  SMBIOS Type 17 Index = 1 => 2 2:
143:447  0:000  BANK1 DIMM0 2400MHz 8192MB
143:447  0:000  mTotalSystemMemory = 16384
143:447  0:000  NumberOfMemoryDevices = 2
143:447  0:000  Type20[0]->End = 0x7FFFFF, Type17[0] = 0x2000
143:447  0:000  Type20[1]->End = 0xFFFFFF, Type17[1] = 0x6000
143:447  0:000  Table 131 is present, CPUType=10
143:447  0:000  Change to: 402
143:447  0:000  === [ PatchACPI ] =========================================
143:447  0:000  RSDT 0x6F68C028
143:447  0:000  FADT from RSDT: 0x6F68C1B8
143:447  0:000  XSDT 0x6F68C0B8
143:447  0:000  FADT from XSDT: 0x6F6B0708
143:447  0:000  Xsdt reallocation done
143:447  0:000  old FADT length=114
143:447  0:000  Apply DsdtFixMask=0x00000000 old way
143:447  0:000     drop _DSM mask=0xFFFF
143:447  0:000  === [ FixBiosDsdt ] =======================================
143:447  0:000  VideoCard devID=0x1C2010DE
143:447  0:000  DisplayADR1[0] = 0x10000, DisplayADR2[0] = 0x0
143:447  0:000  VideoCard devID=0x591B8086
143:447  0:000  DisplayADR1[1] = 0x20000, DisplayADR2[1] = 0xFFFE
143:447  0:000  USBADR[0] = 0x140000 and PCIe = 0xFFFE
143:447  0:000  Found Airport BCM at 0x1C0004, 0x0
143:462  0:015  first CPU found at A1D1 offset A1D4
143:462  0:000  score candidate at A1CD
143:462  0:000  score inserted in acpi_cpu_score _PR_
143:462  0:000  Found ACPI CPU: CPU0 | CPU1 | CPU2 | CPU3 | CPU4 | CPU5 | CPU6 | CPU7 , within the score: _PR_
143:463  0:000  Found PCIROOTUID = 0
143:463  0:000  === [ ACPIDropTables ] ====================================
143:463  0:000  === [ DropSSDT ] ==========================================
143:463  0:000  Drop tables from Xsdt, SIGN=SSDT TableID= Length=0
143:463  0:000   Xsdt has tables count=26
143:463  0:000   Table: SSDT  SataTabl  857 dropped
143:463  0:000   Table: SSDT  SaSsdt   12662 dropped
143:463  0:000   Table: SSDT  PegSsdt  10551 dropped
143:463  0:000   Table: SSDT  xh_rvp11  2282 dropped
143:463  0:000   Table: SSDT  CpuSsdt  3806 dropped
143:463  0:000   Table: SSDT  HdaDsp  321 dropped
143:463  0:000   Table: SSDT  sensrhub  671 dropped
143:463  0:000   Table: SSDT  TbtTypeC  1303 dropped
143:463  0:000   Table: SSDT  SgPeg  174 dropped
143:463  0:000   Table: SSDT  OptTabl  7643 dropped
143:463  0:000  corrected XSDT length=164
143:463  0:000  CPUBase=0 and ApicCPUBase=1 ApicCPUNum=1
143:463  0:000  Unsupported CPU (0x6): P-States not generated !!!
143:463  0:000  GeneratePStates failed: Status=Not Found
143:463  0:000  SSDT with CPU C-States generated successfully
143:463  0:000  === [ RestSetupOSX ] ======================================
143:463  0:000  EdidDiscovered size=128
143:463  0:000  00 | 00 FF FF FF FF FF FF 00 38 70 0B 00 00 00 00 00
143:463  0:000  16 | 00 1A 01 04 95 22 13 78 06 9A 85 97 5C 57 8E 28
143:463  0:000  32 | 1C 50 54 00 00 00 01 01 01 01 01 01 01 01 01 01
143:463  0:000  48 | 01 01 01 01 01 01 02 3A 80 18 71 38 2D 40 58 2C
143:463  0:000  64 | 45 00 58 C2 10 00 00 18 54 2B 80 18 71 38 2D 40
143:463  0:000  80 | 58 2C 45 00 58 C2 10 00 00 18 00 00 00 10 00 00
143:463  0:000  96 | 00 00 00 00 00 00 00 00 00 00 00 00 00 00 00 FC
143:463  0:000  112 | 00 4C 4D 31 35 36 4C 46 31 4C 30 32 0A 20 00 F4
143:463  0:000  NVidia GFX injection not set
143:463  0:000  Intel Intel Unknown [8086:591B] :: PciRoot(0x0)\Pci(0x2,0x0)
143:463  0:000  Intel card id=591B unsupported, please report to the project home
143:463  0:000  Intel GFX revision  =0x4
143:464  0:000   RCBA disabled; cannot use it
143:464  0:000  HDA Controller [8086:A171] :: PciRoot(0x0)\Pci(0x1F,0x3) => codec not detected
143:478  0:014  stringlength = 1448
143:478  0:000  CurrentMode: Width=1920 Height=1080
143:478  0:000  Beginning FSInjection
FSInjectionInstall ...
- Our FSI_SIMPLE_FILE_SYSTEM_PROTOCOL installed on handle: 6BDBC798
FSInjectionInstall ...
- Our FSI_SIMPLE_FILE_SYSTEM_PROTOCOL installed on handle: 6BDBC798
143:480  0:002  MSR 0x1B0   set to        00000000
143:480  0:000  Preparing kexts injection for arch=x86_64 from EFI\CLOVER\kexts\Other
143:480  0:000    Extra kext: EFI\CLOVER\kexts\Other\FakeSMC.kext
143:488  0:008    Extra kext: EFI\CLOVER\kexts\Other\ACPIBatteryManager.kext
143:493  0:004    Extra kext: EFI\CLOVER\kexts\Other\FakePCIID_Intel_HDMI_Audio.kext
143:493  0:000    Extra kext: EFI\CLOVER\kexts\Other\FakeSMC_ACPISensors.kext
143:497  0:004    Extra kext: EFI\CLOVER\kexts\Other\FakeSMC_CPUSensors.kext
143:501  0:004    Extra kext: EFI\CLOVER\kexts\Other\FakeSMC_GPUSensors.kext
143:509  0:007    Extra kext: EFI\CLOVER\kexts\Other\FakeSMC_LPCSensors.kext
143:524  0:015    Extra kext: EFI\CLOVER\kexts\Other\IntelGraphicsDVMTFixup.kext
143:529  0:004    Extra kext: EFI\CLOVER\kexts\Other\IntelGraphicsFixup.kext
143:529  0:000  Failed to load extra kext (Info.plist not found): EFI\CLOVER\kexts\Other\IntelGraphicsFixup.kext
143:529  0:000    Extra kext: EFI\CLOVER\kexts\Other\Lilu.kext
143:544  0:015    Extra kext: EFI\CLOVER\kexts\Other\NvidiaGraphicsFixup.kext
143:548  0:004  Preparing kexts injection for arch=x86_64 from EFI\CLOVER\kexts\10.12
143:548  0:000    Extra kext: EFI\CLOVER\kexts\10.12\AppleALC.kext
143:553  0:004      Extra PlugIn kext: EFI\CLOVER\kexts\10.12\AppleALC.kext\Contents\PlugIns\PinConfigs.kext
143:553  0:000    Extra kext: EFI\CLOVER\kexts\10.12\ApplePS2SmartTouchPad.kext
143:566  0:013      Extra PlugIn kext: EFI\CLOVER\kexts\10.12\ApplePS2SmartTouchPad.kext\Contents\PlugIns\ApplePS2Controller.kext
143:571  0:004      Extra PlugIn kext: EFI\CLOVER\kexts\10.12\ApplePS2SmartTouchPad.kext\Contents\PlugIns\ApplePS2Keyboard.kext
143:576  0:004    Extra kext: EFI\CLOVER\kexts\10.12\EAPDFix.kext
143:584  0:008    Extra kext: EFI\CLOVER\kexts\10.12\FakePCIID.kext
143:589  0:004    Extra kext: EFI\CLOVER\kexts\10.12\FakePCIID_Intel_HD_Graphics.kext
143:590  0:000    Extra kext: EFI\CLOVER\kexts\10.12\FakeSMC.kext
143:599  0:009      Extra PlugIn kext: EFI\CLOVER\kexts\10.12\FakeSMC.kext\Contents\PlugIns\FakeSMC_CPUSensors.kext
143:604  0:004      Extra PlugIn kext: EFI\CLOVER\kexts\10.12\FakeSMC.kext\Contents\PlugIns\FakeSMC_GPUSensors.kext
143:612  0:008      Extra PlugIn kext: EFI\CLOVER\kexts\10.12\FakeSMC.kext\Contents\PlugIns\FakeSMC_LPCSensors.kext
143:647  0:034    Extra kext: EFI\CLOVER\kexts\10.12\FakeSMC_ACPISensors.kext
143:652  0:005    Extra kext: EFI\CLOVER\kexts\10.12\FakeSMC_CPUSensors.kext
143:657  0:004    Extra kext: EFI\CLOVER\kexts\10.12\FakeSMC_GPUSensors.kext
143:666  0:008    Extra kext: EFI\CLOVER\kexts\10.12\FakeSMC_LPCSensors.kext
143:700  0:034    Extra kext: EFI\CLOVER\kexts\10.12\IntelGraphicsDVMTFixup.kext
143:704  0:004    Extra kext: EFI\CLOVER\kexts\10.12\IntelGraphicsFixup.kext
143:709  0:004    Extra kext: EFI\CLOVER\kexts\10.12\Lilu.kext
143:725  0:015    Extra kext: EFI\CLOVER\kexts\10.12\SATA-100-series-unsupported.kext
143:725  0:000    Extra kext: EFI\CLOVER\kexts\10.12\USBInjectAll.kext
143:769  0:044    Extra kext: EFI\CLOVER\kexts\10.12\WhateverGreen.kext
143:779  0:010  Custom boot screen not used because entry has unset use graphics
143:780  0:000  Closing log
